C51 COMPILER V9.54   STC8G_H_EXTI                                                          12/16/2024 20:05:18 PAGE 1   


C51 COMPILER V9.54, COMPILATION OF MODULE STC8G_H_EXTI
OBJECT MODULE PLACED IN .\Objects\STC8G_H_Exti.obj
COMPILER INVOKED BY: D:\Keil5\C51\BIN\C51.EXE STC8G_H_Exti.c OPTIMIZE(8,SPEED) BROWSE INCDIR(..\快充诱骗管理芯片) DEBUG 
                    -OBJECTEXTEND PRINT(.\Listings\STC8G_H_Exti.lst) OBJECT(.\Objects\STC8G_H_Exti.obj)

line level    source

   1          /*---------------------------------------------------------------------*/
   2          /* --- STC MCU Limited ------------------------------------------------*/
   3          /* --- STC 1T Series MCU Demo Programme -------------------------------*/
   4          /* --- Mobile: (86)13922805190 ----------------------------------------*/
   5          /* --- Fax: 86-0513-55012956,55012947,55012969 ------------------------*/
   6          /* --- Tel: 86-0513-55012928,55012929,55012966 ------------------------*/
   7          /* --- Web: www.STCAI.com ---------------------------------------------*/
   8          /* --- BBS: www.STCAIMCU.com  -----------------------------------------*/
   9          /* --- QQ:  800003751 -------------------------------------------------*/
  10          /* 如果要在程序中使用此代码,请在程序中注明使用了STC的资料及程序            */
  11          /*---------------------------------------------------------------------*/
  12          
  13          #include        "STC8G_H_Exti.h"
*** ERROR C231 IN LINE 29 OF STC8G_H_Exti.h: 'INT0': redefinition
*** ERROR C231 IN LINE 30 OF STC8G_H_Exti.h: 'INT1': redefinition
  14          
  15          //========================================================================
  16          // 函数: u8     Ext_Inilize(u8 EXT, EXTI_InitTypeDef *INTx)
  17          // 描述: 外部中断初始化程序.
  18          // 参数: EXT: 外部中断号, INTx: 结构参数,请参考Exti.h里的定义.
  19          // 返回: 成功返回 SUCCESS, 错误返回 FAIL.
  20          // 版本: V1.0, 2012-10-22
  21          //========================================================================
  22          u8      Ext_Inilize(u8 EXT, EXTI_InitTypeDef *INTx)
  23          {
  24   1              if(EXT >  EXT_INT1)     return FAIL;    //空操作
  25   1              
  26   1              if(EXT == EXT_INT0)     //外中断0
  27   1              {
  28   2                      IE0  = 0;                                       //外中断0标志位
  29   2                      INT0_Mode(INTx->EXTI_Mode);
  30   2                      return SUCCESS;         //成功
  31   2              }
  32   1      
  33   1              if(EXT == EXT_INT1)     //外中断1
  34   1              {
  35   2                      IE1  = 0;                                       //外中断1标志位
  36   2                      INT1_Mode(INTx->EXTI_Mode);
  37   2                      return SUCCESS;         //成功
  38   2              }
  39   1              return FAIL;    //失败
  40   1      }

C51 COMPILATION COMPLETE.  0 WARNING(S),  2 ERROR(S)
